[160915]
新增:
1.双向交互[WebSocket]模式
2.部分提交参数:
--普通消息事件(1,2,4)：提交font(字体信息)
--群文件上传事件(11)：提交file(未转义的文件信息)
--收到匿名群消息(2-2)：提交fromAnonymous(未转义的匿名信息)
3.动态API
修改:
1.提交参数
--管理员变动事件(101)：由QQ改为beingOperateQQ(被操作QQ,即被设置/被取消管理员的QQ)
--群成员减少事件(102)：由OtherQQ改为beingOperateQQ(被操作QQ,即退群/被踢出的QQ)
--群成员增加事件(103)：由OtherQQ改为beingOperateQQ(被操作QQ,即被通过加群请求的QQ)
--请求添加好友事件(301)：由OtherParm改为responseFlag(反馈标识,用于处理请求)
--请求加入群事件(302)：由OtherParm改为responseFlag(反馈标识,处理请求)
2.插件设置存放路径(需重新设置)
删除:
1.自定义接口设置的提交信息

具体请访问: https://d.1sls.cn/CtPePro#.E5.8F.98.E4.B8.8E.E4.B8.8D.E5.8F.98

[1608]
新增:
1.单向接收模式(即Socket)
修复:
1.部分特殊符号未提交问题
2.自动优化(更正)传回的json